Arguments: 
  /usr/local/bin/node /usr/local/bin/yarn add webpack

PATH: 
  /usr/local/bin:/usr/bin:/bin:/usr/sbin:/sbin

Yarn version: 
  1.22.11

Node version: 
  14.17.4

Platform: 
  darwin x64

Trace: 
  SyntaxError: /Users/edy/Desktop/DEV/Smart_Charts/package.json: Unexpected token } in JSON at position 253
      at JSON.parse (<anonymous>)
      at /usr/local/lib/node_modules/yarn/lib/cli.js:1625:59
      at Generator.next (<anonymous>)
      at step (/usr/local/lib/node_modules/yarn/lib/cli.js:310:30)
      at /usr/local/lib/node_modules/yarn/lib/cli.js:321:13

npm manifest: 
  {
    "name": "smart_charts",
    "version": "1.0.0",
    "description": "",
    "main": "index.js",
    "directories": {
      "lib": "lib"
    },
    "scripts": {
      "dev": "webpack --config dev.config.js --watch ",
      "build": "webpack --config prod.config.js",
    },
    "repository": {
      "type": "git",
      "url": "http://gitlab.prod.dtstack.cn/suoer/smart_charts.git"
    },
    "author": "",
    "license": "ISC"
  }

yarn manifest: 
  No manifest

Lockfile: 
  No lockfile
